# JRE version: OpenJDK Runtime Environment (8.0_265-b01) (build 1.8.0_265-b01)
# Java VM: OpenJDK 64-Bit Server VM (25.265-b01 mixed mode windows-amd64 compressed oops)
Heap:
 PSYoungGen      total 453120K, used 36331K [0x00000000d5800000, 0x00000000f2480000, 0x0000000100000000)
  eden space 440832K, 8% used [0x00000000d5800000,0x00000000d7ac2f28,0x00000000f0680000)
  from space 12288K, 5% used [0x00000000f1880000,0x00000000f1938000,0x00000000f2480000)
  to   space 15360K, 0% used [0x00000000f0680000,0x00000000f0680000,0x00000000f1580000)
 ParOldGen       total 85504K, used 20194K [0x0000000080800000, 0x0000000085b80000, 0x00000000d5800000)
  object space 85504K, 23% used [0x0000000080800000,0x0000000081bb8a38,0x0000000085b80000)
 Metaspace       used 22049K, capacity 22465K, committed 22704K, reserved 1069056K
  class space    used 2714K, capacity 2799K, committed 2816K, reserved 1048576K
GC Heap History (10 events):
Event: 18.819 GC heap before
{Heap before GC invocations=15 (full 1):
 PSYoungGen      total 377856K, used 358688K [0x00000000d5800000, 0x00000000f0600000, 0x0000000100000000)
  eden space 357888K, 100% used [0x00000000d5800000,0x00000000eb580000,0x00000000eb580000)
  from space 19968K, 4% used [0x00000000eb580000,0x00000000eb648000,0x00000000ec900000)
  to   space 19456K, 0% used [0x00000000ef300000,0x00000000ef300000,0x00000000f0600000)
 ParOldGen       total 85504K, used 20194K [0x0000000080800000, 0x0000000085b80000, 0x00000000d5800000)
  object space 85504K, 23% used [0x0000000080800000,0x0000000081bb8a38,0x0000000085b80000)
 Metaspace       used 21073K, capacity 21391K, committed 21680K, reserved 1069056K
  class space    used 2608K, capacity 2700K, committed 2816K, reserved 1048576K
Event: 18.822 GC heap after
Heap after GC invocations=15 (full 1):
 PSYoungGen      total 405504K, used 832K [0x00000000d5800000, 0x00000000efd80000, 0x0000000100000000)
  eden space 394752K, 0% used [0x00000000d5800000,0x00000000d5800000,0x00000000ed980000)
  from space 10752K, 7% used [0x00000000ef300000,0x00000000ef3d0000,0x00000000efd80000)
  to   space 18432K, 0% used [0x00000000ed980000,0x00000000ed980000,0x00000000eeb80000)
 ParOldGen       total 85504K, used 20194K [0x0000000080800000, 0x0000000085b80000, 0x00000000d5800000)
  object space 85504K, 23% used [0x0000000080800000,0x0000000081bb8a38,0x0000000085b80000)
 Metaspace       used 21073K, capacity 21391K, committed 21680K, reserved 1069056K
  class space    used 2608K, capacity 2700K, committed 2816K, reserved 1048576K
}
Event: 20.396 GC heap before
{Heap before GC invocations=16 (full 1):
 PSYoungGen      total 405504K, used 395584K [0x00000000d5800000, 0x00000000efd80000, 0x0000000100000000)
  eden space 394752K, 100% used [0x00000000d5800000,0x00000000ed980000,0x00000000ed980000)
  from space 10752K, 7% used [0x00000000ef300000,0x00000000ef3d0000,0x00000000efd80000)
  to   space 18432K, 0% used [0x00000000ed980000,0x00000000ed980000,0x00000000eeb80000)
 ParOldGen       total 85504K, used 20194K [0x0000000080800000, 0x0000000085b80000, 0x00000000d5800000)
  object space 85504K, 23% used [0x0000000080800000,0x0000000081bb8a38,0x0000000085b80000)
 Metaspace       used 21074K, capacity 21391K, committed 21680K, reserved 1069056K
  class space    used 2608K, capacity 2700K, committed 2816K, reserved 1048576K
Event: 20.398 GC heap after
Heap after GC invocations=16 (full 1):
 PSYoungGen      total 413184K, used 832K [0x00000000d5800000, 0x00000000f1e80000, 0x0000000100000000)
  eden space 394752K, 0% used [0x00000000d5800000,0x00000000d5800000,0x00000000ed980000)
  from space 18432K, 4% used [0x00000000ed980000,0x00000000eda50000,0x00000000eeb80000)
  to   space 17920K, 0% used [0x00000000f0d00000,0x00000000f0d00000,0x00000000f1e80000)
 ParOldGen       total 85504K, used 20194K [0x0000000080800000, 0x0000000085b80000, 0x00000000d5800000)
  object space 85504K, 23% used [0x0000000080800000,0x0000000081bb8a38,0x0000000085b80000)
 Metaspace       used 21074K, capacity 21391K, committed 21680K, reserved 1069056K
  class space    used 2608K, capacity 2700K, committed 2816K, reserved 1048576K
}
Event: 21.939 GC heap before
{Heap before GC invocations=17 (full 1):
 PSYoungGen      total 413184K, used 395584K [0x00000000d5800000, 0x00000000f1e80000, 0x0000000100000000)
  eden space 394752K, 100% used [0x00000000d5800000,0x00000000ed980000,0x00000000ed980000)
  from space 18432K, 4% used [0x00000000ed980000,0x00000000eda50000,0x00000000eeb80000)
  to   space 17920K, 0% used [0x00000000f0d00000,0x00000000f0d00000,0x00000000f1e80000)
 ParOldGen       total 85504K, used 20194K [0x0000000080800000, 0x0000000085b80000, 0x00000000d5800000)
  object space 85504K, 23% used [0x0000000080800000,0x0000000081bb8a38,0x0000000085b80000)
 Metaspace       used 21074K, capacity 21391K, committed 21680K, reserved 1069056K
  class space    used 2608K, capacity 2700K, committed 2816K, reserved 1048576K
Event: 21.941 GC heap after
Heap after GC invocations=17 (full 1):
 PSYoungGen      total 435200K, used 832K [0x00000000d5800000, 0x00000000f1780000, 0x0000000100000000)
  eden space 424448K, 0% used [0x00000000d5800000,0x00000000d5800000,0x00000000ef680000)
  from space 10752K, 7% used [0x00000000f0d00000,0x00000000f0dd0000,0x00000000f1780000)
  to   space 16896K, 0% used [0x00000000ef680000,0x00000000ef680000,0x00000000f0700000)
 ParOldGen       total 85504K, used 20194K [0x0000000080800000, 0x0000000085b80000, 0x00000000d5800000)
  object space 85504K, 23% used [0x0000000080800000,0x0000000081bb8a38,0x0000000085b80000)
 Metaspace       used 21074K, capacity 21391K, committed 21680K, reserved 1069056K
  class space    used 2608K, capacity 2700K, committed 2816K, reserved 1048576K
}
Event: 23.649 GC heap before
{Heap before GC invocations=18 (full 1):
 PSYoungGen      total 435200K, used 425280K [0x00000000d5800000, 0x00000000f1780000, 0x0000000100000000)
  eden space 424448K, 100% used [0x00000000d5800000,0x00000000ef680000,0x00000000ef680000)
  from space 10752K, 7% used [0x00000000f0d00000,0x00000000f0dd0000,0x00000000f1780000)
  to   space 16896K, 0% used [0x00000000ef680000,0x00000000ef680000,0x00000000f0700000)
 ParOldGen       total 85504K, used 20194K [0x0000000080800000, 0x0000000085b80000, 0x00000000d5800000)
  object space 85504K, 23% used [0x0000000080800000,0x0000000081bb8a38,0x0000000085b80000)
 Metaspace       used 21074K, capacity 21391K, committed 21680K, reserved 1069056K
  class space    used 2608K, capacity 2700K, committed 2816K, reserved 1048576K
Event: 23.651 GC heap after
Heap after GC invocations=18 (full 1):
 PSYoungGen      total 441344K, used 800K [0x00000000d5800000, 0x00000000f2880000, 0x0000000100000000)
  eden space 424448K, 0% used [0x00000000d5800000,0x00000000d5800000,0x00000000ef680000)
  from space 16896K, 4% used [0x00000000ef680000,0x00000000ef748000,0x00000000f0700000)
  to   space 16384K, 0% used [0x00000000f1880000,0x00000000f1880000,0x00000000f2880000)
 ParOldGen       total 85504K, used 20194K [0x0000000080800000, 0x0000000085b80000, 0x00000000d5800000)
  object space 85504K, 23% used [0x0000000080800000,0x0000000081bb8a38,0x0000000085b80000)
 Metaspace       used 21074K, capacity 21391K, committed 21680K, reserved 1069056K
  class space    used 2608K, capacity 2700K, committed 2816K, reserved 1048576K
}
Event: 25.570 GC heap before
{Heap before GC invocations=19 (full 1):
 PSYoungGen      total 441344K, used 425248K [0x00000000d5800000, 0x00000000f2880000, 0x0000000100000000)
  eden space 424448K, 100% used [0x00000000d5800000,0x00000000ef680000,0x00000000ef680000)
  from space 16896K, 4% used [0x00000000ef680000,0x00000000ef748000,0x00000000f0700000)
  to   space 16384K, 0% used [0x00000000f1880000,0x00000000f1880000,0x00000000f2880000)
 ParOldGen       total 85504K, used 20194K [0x0000000080800000, 0x0000000085b80000, 0x00000000d5800000)
  object space 85504K, 23% used [0x0000000080800000,0x0000000081bb8a38,0x0000000085b80000)
 Metaspace       used 21135K, capacity 21519K, committed 21680K, reserved 1069056K
  class space    used 2611K, capacity 2700K, committed 2816K, reserved 1048576K
Event: 25.572 GC heap after
Heap after GC invocations=19 (full 1):
 PSYoungGen      total 453120K, used 736K [0x00000000d5800000, 0x00000000f2480000, 0x0000000100000000)
  eden space 440832K, 0% used [0x00000000d5800000,0x00000000d5800000,0x00000000f0680000)
  from space 12288K, 5% used [0x00000000f1880000,0x00000000f1938000,0x00000000f2480000)
  to   space 15360K, 0% used [0x00000000f0680000,0x00000000f0680000,0x00000000f1580000)
 ParOldGen       total 85504K, used 20194K [0x0000000080800000, 0x0000000085b80000, 0x00000000d5800000)
  object space 85504K, 23% used [0x0000000080800000,0x0000000081bb8a38,0x0000000085b80000)
 Metaspace       used 21135K, capacity 21519K, committed 21680K, reserved 1069056K
  class space    used 2611K, capacity 2700K, committed 2816K, reserved 1048576K
}

